<?xml version="1.0" encoding="UTF-8"?>
<!-- Generated by org.testng.reporters.JUnitReportReporter -->
<testsuite hostname="LAPTOP-0ADUSHPK" failures="0" tests="5" name="Tags" time="134.526" errors="0" timestamp="2020-09-02T02:59:40 EDT" skipped="0">
  <testcase classname="Tags" name="checkTagsBuyNsellNtoleaseNforLease" time="57.054"/>
  <system-out/>
  <testcase classname="Tags" name="whyChooseUs" time="9.590"/>
  <system-out/>
  <testcase classname="Tags" name="services" time="39.056"/>
  <system-out/>
  <testcase classname="Tags" name="testimonials" time="17.491"/>
  <system-out/>
  <testcase classname="Tags" name="contactUs" time="11.335"/>
  <system-out/>
</testsuite> <!-- Tags -->
